main.obj : error LNK2019: unresolved external symbol _SDL_GetError referenced in function _SDL_main
main.obj : error LNK2019: unresolved external symbol _SDL_FreeSurface referenced in function _SDL_main
main.obj : error LNK2019: unresolved external symbol _SDL_CreateWindow referenced in function _SDL_main
main.obj : error LNK2019: unresolved external symbol _SDL_DestroyWindow referenced in function _SDL_main
main.obj : error LNK2019: unresolved external symbol _SDL_PollEvent referenced in function _SDL_main
main.obj : error LNK2019: unresolved external symbol _SDL_Log referenced in function _SDL_main
main.obj : error LNK2019: unresolved external symbol _SDL_CreateRenderer referenced in function _SDL_main
main.obj : error LNK2019: unresolved external symbol _SDL_CreateTextureFromSurface referenced in function _SDL_main
main.obj : error LNK2019: unresolved external symbol _SDL_SetRenderDrawColor referenced in function _SDL_main
main.obj : error LNK2019: unresolved external symbol _SDL_RenderClear referenced in function _SDL_main
main.obj : error LNK2019: unresolved external symbol _SDL_RenderCopy referenced in function _SDL_main
main.obj : error LNK2019: unresolved external symbol _SDL_RenderPresent referenced in function _SDL_main
main.obj : error LNK2019: unresolved external symbol _SDL_DestroyTexture referenced in function _SDL_main
main.obj : error LNK2019: unresolved external symbol _SDL_DestroyRenderer referenced in function _SDL_main
main.obj : error LNK2019: unresolved external symbol _SDL_GetTicks referenced in function _SDL_main
main.obj : error LNK2019: unresolved external symbol _SDL_Init referenced in function _SDL_main
main.obj : error LNK2019: unresolved external symbol _SDL_Quit referenced in function _SDL_main
main.obj : error LNK2019: unresolved external symbol _IMG_Init referenced in function _SDL_main
main.obj : error LNK2019: unresolved external symbol _IMG_LoadTexture referenced in function _SDL_main
main.obj : error LNK2019: unresolved external symbol _TTF_Init referenced in function _SDL_main
main.obj : error LNK2019: unresolved external symbol _TTF_OpenFont referenced in function _SDL_main
main.obj : error LNK2019: unresolved external symbol _TTF_RenderText_Solid referenced in function _SDL_main
main.obj : error LNK2019: unresolved external symbol _TTF_CloseFont referenced in function _SDL_main
main.obj : error LNK2019: unresolved external symbol _TTF_Quit referenced in function _SDL_main
MSVCRTD.lib(exe_main.obj) : error LNK2019: unresolved external symbol _main referenced in function "int __cdecl invoke_main(void)" (?invoke_main@@YAHXZ)
C:\Users\leona\Github\vcpkg\installed\x64-windows\lib\SDL2.lib : warning LNK4272: library machine type 'x64' conflicts with target machine type 'x86'
C:\Users\leona\Github\vcpkg\installed\x64-windows\lib\SDL2_image.lib : warning LNK4272: library machine type 'x64' conflicts with target machine type 'x86'
C:\Users\leona\Github\vcpkg\installed\x64-windows\lib\SDL2_ttf.lib : warning LNK4272: library machine type 'x64' conflicts with target machine type 'x86'
C:\Users\leona\Github\vcpkg\installed\x64-windows\lib\SDL2_mixer.lib : warning LNK4272: library machine type 'x64' conflicts with target machine type 'x86'
C:\Users\leona\Github\flappy-bird-clone\Debug\Flappy Bird Clone.exe : fatal error LNK1120: 25 unresolved externals
